<?xml version="1.0" encoding="UTF-8"?>
<!-- Generated by org.testng.reporters.JUnitXMLReporter -->
<testsuite ignored="0" hostname="DESKTOP-850URLF" failures="0" tests="18" name="Default test" time="0.551" errors="0" timestamp="2022-08-20T15:22:53 IST">
  <testcase classname="testngpack.Flag6" name="ft1" time="0.062"/>
  <testcase classname="testngpack.Flag6" name="ft2" time="0.013"/>
  <testcase classname="testngpack.Flag6" name="ft3" time="0.007"/>
  <testcase classname="testngpack.Flag6" name="ft4" time="0.057"/>
  <testcase classname="testngpack.Flag6" name="ft5" time="0.009"/>
  <testcase classname="testngpack.Flag6" name="ft6" time="0.0"/>
  <testcase classname="testngpack.Flag6" name="it1" time="0.0"/>
  <testcase classname="testngpack.Flag6" name="it2" time="0.0"/>
  <testcase classname="testngpack.Flag6" name="it3" time="0.0"/>
  <testcase classname="testngpack.Flag6" name="it4" time="0.0"/>
  <testcase classname="testngpack.Flag6" name="it5" time="0.008"/>
  <testcase classname="testngpack.Flag6" name="it6" time="0.0"/>
  <testcase classname="testngpack.Flag6" name="st1" time="0.0"/>
  <testcase classname="testngpack.Flag6" name="st2" time="0.007"/>
  <testcase classname="testngpack.Flag6" name="st3" time="0.002"/>
  <testcase classname="testngpack.Flag6" name="st4" time="0.0"/>
  <testcase classname="testngpack.Flag6" name="st5" time="0.0"/>
  <testcase classname="testngpack.Flag6" name="st6" time="0.0"/>
</testsuite> <!-- Default test -->
