<?xml version="1.0" encoding="UTF-8"?>
<testng-results ignored="0" total="18" passed="18" failed="0" skipped="0">
  <reporter-output>
    <line>
      <![CDATA[ft1 executed]]>
    </line>
    <line>
      <![CDATA[ft2 executed]]>
    </line>
    <line>
      <![CDATA[ft3 executed]]>
    </line>
    <line>
      <![CDATA[ft4 executed]]>
    </line>
    <line>
      <![CDATA[ft5 executed]]>
    </line>
    <line>
      <![CDATA[ft6 executed]]>
    </line>
    <line>
      <![CDATA[it1 executed]]>
    </line>
    <line>
      <![CDATA[it2 executed]]>
    </line>
    <line>
      <![CDATA[it3 executed]]>
    </line>
    <line>
      <![CDATA[it4 executed]]>
    </line>
    <line>
      <![CDATA[it5 executed]]>
    </line>
    <line>
      <![CDATA[it6 executed]]>
    </line>
    <line>
      <![CDATA[st1 executed]]>
    </line>
    <line>
      <![CDATA[st2 executed]]>
    </line>
    <line>
      <![CDATA[st3 executed]]>
    </line>
    <line>
      <![CDATA[st4 executed]]>
    </line>
    <line>
      <![CDATA[st5 executed]]>
    </line>
    <line>
      <![CDATA[st6 executed]]>
    </line>
  </reporter-output>
  <suite started-at="2022-08-20T15:22:52 IST" name="Default suite" finished-at="2022-08-20T15:22:52 IST" duration-ms="551">
    <groups>
      <group name="INTEGRATION">
        <method signature="Flag6.it1()[pri:0, instance:testngpack.Flag6@625732]" name="it1" class="testngpack.Flag6"/>
        <method signature="Flag6.it2()[pri:0, instance:testngpack.Flag6@625732]" name="it2" class="testngpack.Flag6"/>
        <method signature="Flag6.it3()[pri:0, instance:testngpack.Flag6@625732]" name="it3" class="testngpack.Flag6"/>
        <method signature="Flag6.it4()[pri:0, instance:testngpack.Flag6@625732]" name="it4" class="testngpack.Flag6"/>
        <method signature="Flag6.it5()[pri:0, instance:testngpack.Flag6@625732]" name="it5" class="testngpack.Flag6"/>
        <method signature="Flag6.it6()[pri:0, instance:testngpack.Flag6@625732]" name="it6" class="testngpack.Flag6"/>
      </group> <!-- INTEGRATION -->
      <group name="FUNCTIONAL">
        <method signature="Flag6.ft1()[pri:0, instance:testngpack.Flag6@625732]" name="ft1" class="testngpack.Flag6"/>
        <method signature="Flag6.ft2()[pri:0, instance:testngpack.Flag6@625732]" name="ft2" class="testngpack.Flag6"/>
        <method signature="Flag6.ft3()[pri:0, instance:testngpack.Flag6@625732]" name="ft3" class="testngpack.Flag6"/>
        <method signature="Flag6.ft4()[pri:0, instance:testngpack.Flag6@625732]" name="ft4" class="testngpack.Flag6"/>
        <method signature="Flag6.ft5()[pri:0, instance:testngpack.Flag6@625732]" name="ft5" class="testngpack.Flag6"/>
        <method signature="Flag6.ft6()[pri:0, instance:testngpack.Flag6@625732]" name="ft6" class="testngpack.Flag6"/>
      </group> <!-- FUNCTIONAL -->
      <group name="SMOKE">
        <method signature="Flag6.st1()[pri:0, instance:testngpack.Flag6@625732]" name="st1" class="testngpack.Flag6"/>
        <method signature="Flag6.st2()[pri:0, instance:testngpack.Flag6@625732]" name="st2" class="testngpack.Flag6"/>
        <method signature="Flag6.st3()[pri:0, instance:testngpack.Flag6@625732]" name="st3" class="testngpack.Flag6"/>
        <method signature="Flag6.st4()[pri:0, instance:testngpack.Flag6@625732]" name="st4" class="testngpack.Flag6"/>
        <method signature="Flag6.st5()[pri:0, instance:testngpack.Flag6@625732]" name="st5" class="testngpack.Flag6"/>
        <method signature="Flag6.st6()[pri:0, instance:testngpack.Flag6@625732]" name="st6" class="testngpack.Flag6"/>
      </group> <!-- SMOKE -->
    </groups>
    <test started-at="2022-08-20T15:22:52 IST" name="Default test" finished-at="2022-08-20T15:22:52 IST" duration-ms="551">
      <class name="testngpack.Flag6">
        <test-method signature="ft1()[pri:0, instance:testngpack.Flag6@625732]" started-at="2022-08-20T15:22:52 IST" name="ft1" finished-at="2022-08-20T15:22:52 IST" duration-ms="62" status="PASS">
          <reporter-output>
            <line>
              <![CDATA[ft1 executed]]>
            </line>
          </reporter-output>
        </test-method> <!-- ft1 -->
        <test-method signature="ft2()[pri:0, instance:testngpack.Flag6@625732]" started-at="2022-08-20T15:22:52 IST" name="ft2" finished-at="2022-08-20T15:22:52 IST" duration-ms="13" status="PASS">
          <reporter-output>
            <line>
              <![CDATA[ft2 executed]]>
            </line>
          </reporter-output>
        </test-method> <!-- ft2 -->
        <test-method signature="ft3()[pri:0, instance:testngpack.Flag6@625732]" started-at="2022-08-20T15:22:52 IST" name="ft3" finished-at="2022-08-20T15:22:52 IST" duration-ms="7" status="PASS">
          <reporter-output>
            <line>
              <![CDATA[ft3 executed]]>
            </line>
          </reporter-output>
        </test-method> <!-- ft3 -->
        <test-method signature="ft4()[pri:0, instance:testngpack.Flag6@625732]" started-at="2022-08-20T15:22:52 IST" name="ft4" finished-at="2022-08-20T15:22:52 IST" duration-ms="57" status="PASS">
          <reporter-output>
            <line>
              <![CDATA[ft4 executed]]>
            </line>
          </reporter-output>
        </test-method> <!-- ft4 -->
        <test-method signature="ft5()[pri:0, instance:testngpack.Flag6@625732]" started-at="2022-08-20T15:22:52 IST" name="ft5" finished-at="2022-08-20T15:22:52 IST" duration-ms="9" status="PASS">
          <reporter-output>
            <line>
              <![CDATA[ft5 executed]]>
            </line>
          </reporter-output>
        </test-method> <!-- ft5 -->
        <test-method signature="ft6()[pri:0, instance:testngpack.Flag6@625732]" started-at="2022-08-20T15:22:52 IST" name="ft6" finished-at="2022-08-20T15:22:52 IST" duration-ms="0" status="PASS">
          <reporter-output>
            <line>
              <![CDATA[ft6 executed]]>
            </line>
          </reporter-output>
        </test-method> <!-- ft6 -->
        <test-method signature="it1()[pri:0, instance:testngpack.Flag6@625732]" started-at="2022-08-20T15:22:52 IST" name="it1" finished-at="2022-08-20T15:22:52 IST" duration-ms="0" status="PASS">
          <reporter-output>
            <line>
              <![CDATA[it1 executed]]>
            </line>
          </reporter-output>
        </test-method> <!-- it1 -->
        <test-method signature="it2()[pri:0, instance:testngpack.Flag6@625732]" started-at="2022-08-20T15:22:52 IST" name="it2" finished-at="2022-08-20T15:22:52 IST" duration-ms="0" status="PASS">
          <reporter-output>
            <line>
              <![CDATA[it2 executed]]>
            </line>
          </reporter-output>
        </test-method> <!-- it2 -->
        <test-method signature="it3()[pri:0, instance:testngpack.Flag6@625732]" started-at="2022-08-20T15:22:52 IST" name="it3" finished-at="2022-08-20T15:22:52 IST" duration-ms="0" status="PASS">
          <reporter-output>
            <line>
              <![CDATA[it3 executed]]>
            </line>
          </reporter-output>
        </test-method> <!-- it3 -->
        <test-method signature="it4()[pri:0, instance:testngpack.Flag6@625732]" started-at="2022-08-20T15:22:52 IST" name="it4" finished-at="2022-08-20T15:22:52 IST" duration-ms="0" status="PASS">
          <reporter-output>
            <line>
              <![CDATA[it4 executed]]>
            </line>
          </reporter-output>
        </test-method> <!-- it4 -->
        <test-method signature="it5()[pri:0, instance:testngpack.Flag6@625732]" started-at="2022-08-20T15:22:52 IST" name="it5" finished-at="2022-08-20T15:22:52 IST" duration-ms="8" status="PASS">
          <reporter-output>
            <line>
              <![CDATA[it5 executed]]>
            </line>
          </reporter-output>
        </test-method> <!-- it5 -->
        <test-method signature="it6()[pri:0, instance:testngpack.Flag6@625732]" started-at="2022-08-20T15:22:52 IST" name="it6" finished-at="2022-08-20T15:22:52 IST" duration-ms="0" status="PASS">
          <reporter-output>
            <line>
              <![CDATA[it6 executed]]>
            </line>
          </reporter-output>
        </test-method> <!-- it6 -->
        <test-method signature="st1()[pri:0, instance:testngpack.Flag6@625732]" started-at="2022-08-20T15:22:52 IST" name="st1" finished-at="2022-08-20T15:22:52 IST" duration-ms="0" status="PASS">
          <reporter-output>
            <line>
              <![CDATA[st1 executed]]>
            </line>
          </reporter-output>
        </test-method> <!-- st1 -->
        <test-method signature="st2()[pri:0, instance:testngpack.Flag6@625732]" started-at="2022-08-20T15:22:52 IST" name="st2" finished-at="2022-08-20T15:22:52 IST" duration-ms="7" status="PASS">
          <reporter-output>
            <line>
              <![CDATA[st2 executed]]>
            </line>
          </reporter-output>
        </test-method> <!-- st2 -->
        <test-method signature="st3()[pri:0, instance:testngpack.Flag6@625732]" started-at="2022-08-20T15:22:52 IST" name="st3" finished-at="2022-08-20T15:22:52 IST" duration-ms="2" status="PASS">
          <reporter-output>
            <line>
              <![CDATA[st3 executed]]>
            </line>
          </reporter-output>
        </test-method> <!-- st3 -->
        <test-method signature="st4()[pri:0, instance:testngpack.Flag6@625732]" started-at="2022-08-20T15:22:52 IST" name="st4" finished-at="2022-08-20T15:22:52 IST" duration-ms="0" status="PASS">
          <reporter-output>
            <line>
              <![CDATA[st4 executed]]>
            </line>
          </reporter-output>
        </test-method> <!-- st4 -->
        <test-method signature="st5()[pri:0, instance:testngpack.Flag6@625732]" started-at="2022-08-20T15:22:52 IST" name="st5" finished-at="2022-08-20T15:22:52 IST" duration-ms="0" status="PASS">
          <reporter-output>
            <line>
              <![CDATA[st5 executed]]>
            </line>
          </reporter-output>
        </test-method> <!-- st5 -->
        <test-method signature="st6()[pri:0, instance:testngpack.Flag6@625732]" started-at="2022-08-20T15:22:52 IST" name="st6" finished-at="2022-08-20T15:22:52 IST" duration-ms="0" status="PASS">
          <reporter-output>
            <line>
              <![CDATA[st6 executed]]>
            </line>
          </reporter-output>
        </test-method> <!-- st6 -->
      </class> <!-- testngpack.Flag6 -->
    </test> <!-- Default test -->
  </suite> <!-- Default suite -->
</testng-results>
