<?xml version="1.0" encoding="UTF-8"?>
<!-- Generated by org.testng.reporters.JUnitXMLReporter -->
<testsuite ignored="0" hostname="DESKTOP-850URLF" failures="1" tests="6" name="Test" time="0.208" errors="0" timestamp="2022-08-18T17:16:15 IST">
  <testcase classname="testngpack.FirstTestngClass" name="method1" time="0.018"/>
  <testcase classname="testngpack.FirstTestngClass" name="method3" time="0.004"/>
  <testcase classname="testngpack.FirstTestngClass" name="method4" time="0.007">
    <failure type="java.lang.ArithmeticException" message="/ by zero">
      <![CDATA[java.lang.ArithmeticException: / by zero
at testngpack.FirstTestngClass.method4(FirstTestngClass.java:27)
at java.base/java.util.ArrayList.forEach(ArrayList.java:1541)
... Removed 27 stack frames]]>
    </failure>
  </testcase> <!-- method4 -->
  <testcase classname="testngpack.FirstTestngClass" name="method5" time="0.015"/>
  <testcase classname="testngpack.Sumo" name="f" time="0.004"/>
  <testcase classname="testngpack.Remo" name="remoMethod" time="0.005"/>
</testsuite> <!-- Test -->
